[ 2019-07-05T09:36:51+08:00 ] 127.0.0.1 /newadmin/index.php/Hot/test
INFO: [ app_init ] --START--
INFO: Run Behavior\BuildLiteBehavior [ RunTime:0.000000s ]
INFO: [ app_init ] --END-- [ RunTime:0.001000s ]
INFO: [ app_begin ] --START--
INFO: Run Behavior\ReadHtmlCacheBehavior [ RunTime:0.000000s ]
INFO: [ app_begin ] --END-- [ RunTime:0.000000s ]

[ 2019-07-05T09:36:51+08:00 ] 127.0.0.1 /newadmin/index.php/Login/index
INFO: [ app_init ] --START--
INFO: Run Behavior\BuildLiteBehavior [ RunTime:0.000000s ]
INFO: [ app_init ] --END-- [ RunTime:0.000000s ]
INFO: [ app_begin ] --START--
INFO: Run Behavior\ReadHtmlCacheBehavior [ RunTime:0.001000s ]
INFO: [ app_begin ] --END-- [ RunTime:0.001000s ]
INFO: [ view_parse ] --START--
INFO: [ template_filter ] --START--
INFO: Run Behavior\ContentReplaceBehavior [ RunTime:0.001000s ]
INFO: [ template_filter ] --END-- [ RunTime:0.001000s ]
INFO: Run Behavior\ParseTemplateBehavior [ RunTime:0.009001s ]
INFO: [ view_parse ] --END-- [ RunTime:0.009001s ]
INFO: [ view_filter ] --START--
INFO: Run Behavior\WriteHtmlCacheBehavior [ RunTime:0.001000s ]
INFO: [ view_filter ] --END-- [ RunTime:0.001000s ]
INFO: [ app_end ] --START--
INFO: Run Behavior\ShowPageTraceBehavior [ RunTime:0.000000s ]
INFO: [ app_end ] --END-- [ RunTime:0.000000s ]

[ 2019-07-05T09:36:51+08:00 ] 127.0.0.1 /newadmin/index.php/views/blocks/navbar.brand.html
INFO: [ app_init ] --START--
INFO: Run Behavior\BuildLiteBehavior [ RunTime:0.000000s ]
INFO: [ app_init ] --END-- [ RunTime:0.000000s ]
INFO: [ app_begin ] --START--
INFO: Run Behavior\ReadHtmlCacheBehavior [ RunTime:0.000000s ]
INFO: [ app_begin ] --END-- [ RunTime:0.000000s ]
ERR: 无法加载控制器:Views

[ 2019-07-05T09:36:54+08:00 ] 127.0.0.1 /newadmin/index.php/Login/index
INFO: [ app_init ] --START--
INFO: Run Behavior\BuildLiteBehavior [ RunTime:0.000000s ]
INFO: [ app_init ] --END-- [ RunTime:0.000000s ]
INFO: [ app_begin ] --START--
INFO: Run Behavior\ReadHtmlCacheBehavior [ RunTime:0.000000s ]
INFO: [ app_begin ] --END-- [ RunTime:0.000000s ]
SQL: SHOW COLUMNS FROM `admin` [ RunTime:0.0050s ]
SQL: SELECT * FROM `admin` WHERE ( username = 'zhenghan' ) LIMIT 1   [ RunTime:0.0000s ]

[ 2019-07-05T09:36:54+08:00 ] 127.0.0.1 /newadmin/index.php/Index/admincontent
INFO: [ app_init ] --START--
INFO: Run Behavior\BuildLiteBehavior [ RunTime:0.000000s ]
INFO: [ app_init ] --END-- [ RunTime:0.000000s ]
INFO: [ app_begin ] --START--
INFO: Run Behavior\ReadHtmlCacheBehavior [ RunTime:0.000000s ]
INFO: [ app_begin ] --END-- [ RunTime:0.000000s ]
SQL: SHOW COLUMNS FROM `admin` [ RunTime:0.0030s ]
SQL: SELECT * FROM `admin` WHERE `id` = 4 LIMIT 1   [ RunTime:0.0000s ]
NOTIC: [8] Undefined index: typeid E:\mala\public\newadmin\Application\Admin\Controller\IndexController.class.php 第 192 行.
NOTIC: [8] Undefined variable: typeid E:\mala\public\newadmin\Application\Admin\Controller\IndexController.class.php 第 197 行.
SQL: SHOW COLUMNS FROM `content` [ RunTime:0.0070s ]
SQL: SELECT COUNT(*) AS tp_count FROM `content` WHERE `fabutype` = 2 AND `status` = 1 LIMIT 1   [ RunTime:0.0020s ]
NOTIC: [8] Undefined index: sort E:\mala\public\newadmin\Application\Admin\Controller\IndexController.class.php 第 205 行.
SQL: SELECT * FROM `content` WHERE `fabutype` = 2 AND `status` = 1 ORDER BY id desc LIMIT 0,25   [ RunTime:0.0000s ]
SQL: SHOW COLUMNS FROM `type` [ RunTime:0.0050s ]
SQL: SELECT * FROM `type` WHERE ( status=1 )  [ RunTime:0.0000s ]
SQL: SHOW COLUMNS FROM `userinfo` [ RunTime:0.0060s ]
SQL: SELECT * FROM `userinfo` ORDER BY id desc  [ RunTime:0.0020s ]
SQL: SELECT * FROM `type` WHERE ( id=7 ) LIMIT 1   [ RunTime:0.0000s ]
SQL: SELECT * FROM `type` WHERE ( id=5 ) LIMIT 1   [ RunTime:0.0010s ]
SQL: SELECT * FROM `type` WHERE ( id=12 ) LIMIT 1   [ RunTime:0.0000s ]
SQL: SELECT * FROM `type` WHERE ( id=11 ) LIMIT 1   [ RunTime:0.0000s ]
SQL: SELECT * FROM `type` WHERE ( id=13 ) LIMIT 1   [ RunTime:0.0010s ]
SQL: SELECT * FROM `type` WHERE ( id=7 ) LIMIT 1   [ RunTime:0.0000s ]
SQL: SELECT * FROM `type` WHERE ( id=5 ) LIMIT 1   [ RunTime:0.0000s ]
SQL: SELECT * FROM `type` WHERE ( id=12 ) LIMIT 1   [ RunTime:0.0000s ]
SQL: SELECT * FROM `type` WHERE ( id=13 ) LIMIT 1   [ RunTime:0.0010s ]
SQL: SELECT * FROM `type` WHERE ( id=7 ) LIMIT 1   [ RunTime:0.0000s ]
SQL: SELECT * FROM `type` WHERE ( id=5 ) LIMIT 1   [ RunTime:0.0000s ]
SQL: SELECT * FROM `type` WHERE ( id=13 ) LIMIT 1   [ RunTime:0.0000s ]
SQL: SELECT * FROM `type` WHERE ( id=11 ) LIMIT 1   [ RunTime:0.0010s ]
SQL: SELECT * FROM `type` WHERE ( id=7 ) LIMIT 1   [ RunTime:0.0000s ]
SQL: SELECT * FROM `type` WHERE ( id=5 ) LIMIT 1   [ RunTime:0.0000s ]
SQL: SELECT * FROM `type` WHERE ( id=13 ) LIMIT 1   [ RunTime:0.0000s ]
SQL: SELECT * FROM `type` WHERE ( id=11 ) LIMIT 1   [ RunTime:0.0000s ]
SQL: SELECT * FROM `type` WHERE ( id=7 ) LIMIT 1   [ RunTime:0.0000s ]
SQL: SELECT * FROM `type` WHERE ( id=5 ) LIMIT 1   [ RunTime:0.0000s ]
SQL: SELECT * FROM `type` WHERE ( id=12 ) LIMIT 1   [ RunTime:0.0000s ]
SQL: SELECT * FROM `type` WHERE ( id=13 ) LIMIT 1   [ RunTime:0.0000s ]
SQL: SELECT * FROM `type` WHERE ( id=11 ) LIMIT 1   [ RunTime:0.0010s ]
SQL: SELECT * FROM `type` WHERE ( id=8 ) LIMIT 1   [ RunTime:0.0000s ]
SQL: SELECT * FROM `type` WHERE ( id=8 ) LIMIT 1   [ RunTime:0.0000s ]
SQL: SELECT * FROM `type` WHERE ( id=8 ) LIMIT 1   [ RunTime:0.0000s ]
INFO: [ view_parse ] --START--
INFO: [ template_filter ] --START--
INFO: Run Behavior\ContentReplaceBehavior [ RunTime:0.000000s ]
INFO: [ template_filter ] --END-- [ RunTime:0.000000s ]
INFO: Run Behavior\ParseTemplateBehavior [ RunTime:0.011000s ]
INFO: [ view_parse ] --END-- [ RunTime:0.011000s ]
INFO: [ view_filter ] --START--
INFO: Run Behavior\WriteHtmlCacheBehavior [ RunTime:0.001000s ]
INFO: [ view_filter ] --END-- [ RunTime:0.001000s ]
INFO: [ app_end ] --START--
INFO: Run Behavior\ShowPageTraceBehavior [ RunTime:0.000000s ]
INFO: [ app_end ] --END-- [ RunTime:0.000000s ]

[ 2019-07-05T09:36:57+08:00 ] 127.0.0.1 /newadmin/index.php/Index/admincontent
INFO: [ app_init ] --START--
INFO: Run Behavior\BuildLiteBehavior [ RunTime:0.000000s ]
INFO: [ app_init ] --END-- [ RunTime:0.001000s ]
INFO: [ app_begin ] --START--
INFO: Run Behavior\ReadHtmlCacheBehavior [ RunTime:0.000000s ]
INFO: [ app_begin ] --END-- [ RunTime:0.000000s ]
SQL: SHOW COLUMNS FROM `admin` [ RunTime:0.0030s ]
SQL: SELECT * FROM `admin` WHERE `id` = 4 LIMIT 1   [ RunTime:0.0010s ]
NOTIC: [8] Undefined index: typeid E:\mala\public\newadmin\Application\Admin\Controller\IndexController.class.php 第 192 行.
NOTIC: [8] Undefined variable: typeid E:\mala\public\newadmin\Application\Admin\Controller\IndexController.class.php 第 197 行.
SQL: SHOW COLUMNS FROM `content` [ RunTime:0.0030s ]
SQL: SELECT COUNT(*) AS tp_count FROM `content` WHERE `fabutype` = 2 AND `status` = 1 LIMIT 1   [ RunTime:0.0010s ]
NOTIC: [8] Undefined index: sort E:\mala\public\newadmin\Application\Admin\Controller\IndexController.class.php 第 205 行.
SQL: SELECT * FROM `content` WHERE `fabutype` = 2 AND `status` = 1 ORDER BY id desc LIMIT 0,25   [ RunTime:0.0010s ]
SQL: SHOW COLUMNS FROM `type` [ RunTime:0.0020s ]
SQL: SELECT * FROM `type` WHERE ( status=1 )  [ RunTime:0.0000s ]
SQL: SHOW COLUMNS FROM `userinfo` [ RunTime:0.0020s ]
SQL: SELECT * FROM `userinfo` ORDER BY id desc  [ RunTime:0.0010s ]
SQL: SELECT * FROM `type` WHERE ( id=7 ) LIMIT 1   [ RunTime:0.0010s ]
SQL: SELECT * FROM `type` WHERE ( id=5 ) LIMIT 1   [ RunTime:0.0000s ]
SQL: SELECT * FROM `type` WHERE ( id=12 ) LIMIT 1   [ RunTime:0.0000s ]
SQL: SELECT * FROM `type` WHERE ( id=11 ) LIMIT 1   [ RunTime:0.0000s ]
SQL: SELECT * FROM `type` WHERE ( id=13 ) LIMIT 1   [ RunTime:0.0010s ]
SQL: SELECT * FROM `type` WHERE ( id=7 ) LIMIT 1   [ RunTime:0.0000s ]
SQL: SELECT * FROM `type` WHERE ( id=5 ) LIMIT 1   [ RunTime:0.0000s ]
SQL: SELECT * FROM `type` WHERE ( id=12 ) LIMIT 1   [ RunTime:0.0000s ]
SQL: SELECT * FROM `type` WHERE ( id=13 ) LIMIT 1   [ RunTime:0.0000s ]
SQL: SELECT * FROM `type` WHERE ( id=7 ) LIMIT 1   [ RunTime:0.0010s ]
SQL: SELECT * FROM `type` WHERE ( id=5 ) LIMIT 1   [ RunTime:0.0000s ]
SQL: SELECT * FROM `type` WHERE ( id=13 ) LIMIT 1   [ RunTime:0.0000s ]
SQL: SELECT * FROM `type` WHERE ( id=11 ) LIMIT 1   [ RunTime:0.0000s ]
SQL: SELECT * FROM `type` WHERE ( id=7 ) LIMIT 1   [ RunTime:0.0000s ]
SQL: SELECT * FROM `type` WHERE ( id=5 ) LIMIT 1   [ RunTime:0.0010s ]
SQL: SELECT * FROM `type` WHERE ( id=13 ) LIMIT 1   [ RunTime:0.0000s ]
SQL: SELECT * FROM `type` WHERE ( id=11 ) LIMIT 1   [ RunTime:0.0000s ]
SQL: SELECT * FROM `type` WHERE ( id=7 ) LIMIT 1   [ RunTime:0.0000s ]
SQL: SELECT * FROM `type` WHERE ( id=5 ) LIMIT 1   [ RunTime:0.0000s ]
SQL: SELECT * FROM `type` WHERE ( id=12 ) LIMIT 1   [ RunTime:0.0010s ]
SQL: SELECT * FROM `type` WHERE ( id=13 ) LIMIT 1   [ RunTime:0.0000s ]
SQL: SELECT * FROM `type` WHERE ( id=11 ) LIMIT 1   [ RunTime:0.0000s ]
SQL: SELECT * FROM `type` WHERE ( id=8 ) LIMIT 1   [ RunTime:0.0000s ]
SQL: SELECT * FROM `type` WHERE ( id=8 ) LIMIT 1   [ RunTime:0.0000s ]
SQL: SELECT * FROM `type` WHERE ( id=8 ) LIMIT 1   [ RunTime:0.0000s ]
INFO: [ view_parse ] --START--
INFO: [ template_filter ] --START--
INFO: Run Behavior\ContentReplaceBehavior [ RunTime:0.000000s ]
INFO: [ template_filter ] --END-- [ RunTime:0.000000s ]
INFO: Run Behavior\ParseTemplateBehavior [ RunTime:0.009001s ]
INFO: [ view_parse ] --END-- [ RunTime:0.009001s ]
INFO: [ view_filter ] --START--
INFO: Run Behavior\WriteHtmlCacheBehavior [ RunTime:0.001000s ]
INFO: [ view_filter ] --END-- [ RunTime:0.001000s ]
INFO: [ app_end ] --START--
INFO: Run Behavior\ShowPageTraceBehavior [ RunTime:0.001000s ]
INFO: [ app_end ] --END-- [ RunTime:0.001000s ]

[ 2019-07-05T09:36:58+08:00 ] 127.0.0.1 /newadmin/index.php/Index/index
INFO: [ app_init ] --START--
INFO: Run Behavior\BuildLiteBehavior [ RunTime:0.000000s ]
INFO: [ app_init ] --END-- [ RunTime:0.000000s ]
INFO: [ app_begin ] --START--
INFO: Run Behavior\ReadHtmlCacheBehavior [ RunTime:0.001000s ]
INFO: [ app_begin ] --END-- [ RunTime:0.001000s ]
SQL: SHOW COLUMNS FROM `admin` [ RunTime:0.0030s ]
SQL: SELECT * FROM `admin` WHERE `id` = 4 LIMIT 1   [ RunTime:0.0010s ]
SQL: SHOW COLUMNS FROM `userinfo` [ RunTime:0.0030s ]
SQL: SELECT COUNT(*) AS tp_count FROM `userinfo` WHERE `type` = 2 LIMIT 1   [ RunTime:0.0000s ]
SQL: SELECT * FROM `userinfo` WHERE `type` = 2 ORDER BY id desc LIMIT 0,25   [ RunTime:0.0010s ]
INFO: [ view_parse ] --START--
INFO: [ template_filter ] --START--
INFO: Run Behavior\ContentReplaceBehavior [ RunTime:0.000000s ]
INFO: [ template_filter ] --END-- [ RunTime:0.000000s ]
NOTIC: [8] Undefined variable: aid E:\mala\public\newadmin\Application\Runtime\Cache\Admin\b595b808c2ebeeeb0478ffc30bb4e87a.php 第 138 行.
NOTIC: [8] Undefined variable: page E:\mala\public\newadmin\Application\Runtime\Cache\Admin\b595b808c2ebeeeb0478ffc30bb4e87a.php 第 200 行.
INFO: Run Behavior\ParseTemplateBehavior [ RunTime:0.010001s ]
INFO: [ view_parse ] --END-- [ RunTime:0.010001s ]
INFO: [ view_filter ] --START--
INFO: Run Behavior\WriteHtmlCacheBehavior [ RunTime:0.000000s ]
INFO: [ view_filter ] --END-- [ RunTime:0.001000s ]
INFO: [ app_end ] --START--
INFO: Run Behavior\ShowPageTraceBehavior [ RunTime:0.000000s ]
INFO: [ app_end ] --END-- [ RunTime:0.000000s ]

[ 2019-07-05T09:37:00+08:00 ] 127.0.0.1 /newadmin/index.php/Index/admincontent
INFO: [ app_init ] --START--
INFO: Run Behavior\BuildLiteBehavior [ RunTime:0.000000s ]
INFO: [ app_init ] --END-- [ RunTime:0.000000s ]
INFO: [ app_begin ] --START--
INFO: Run Behavior\ReadHtmlCacheBehavior [ RunTime:0.000000s ]
INFO: [ app_begin ] --END-- [ RunTime:0.000000s ]
SQL: SHOW COLUMNS FROM `admin` [ RunTime:0.0030s ]
SQL: SELECT * FROM `admin` WHERE `id` = 4 LIMIT 1   [ RunTime:0.0000s ]
NOTIC: [8] Undefined index: typeid E:\mala\public\newadmin\Application\Admin\Controller\IndexController.class.php 第 192 行.
NOTIC: [8] Undefined variable: typeid E:\mala\public\newadmin\Application\Admin\Controller\IndexController.class.php 第 197 行.
SQL: SHOW COLUMNS FROM `content` [ RunTime:0.0030s ]
SQL: SELECT COUNT(*) AS tp_count FROM `content` WHERE `fabutype` = 2 AND `status` = 1 LIMIT 1   [ RunTime:0.0000s ]
NOTIC: [8] Undefined index: sort E:\mala\public\newadmin\Application\Admin\Controller\IndexController.class.php 第 205 行.
SQL: SELECT * FROM `content` WHERE `fabutype` = 2 AND `status` = 1 ORDER BY id desc LIMIT 0,25   [ RunTime:0.0000s ]
SQL: SHOW COLUMNS FROM `type` [ RunTime:0.0020s ]
SQL: SELECT * FROM `type` WHERE ( status=1 )  [ RunTime:0.0010s ]
SQL: SHOW COLUMNS FROM `userinfo` [ RunTime:0.0020s ]
SQL: SELECT * FROM `userinfo` ORDER BY id desc  [ RunTime:0.0010s ]
SQL: SELECT * FROM `type` WHERE ( id=7 ) LIMIT 1   [ RunTime:0.0000s ]
SQL: SELECT * FROM `type` WHERE ( id=5 ) LIMIT 1   [ RunTime:0.0000s ]
SQL: SELECT * FROM `type` WHERE ( id=12 ) LIMIT 1   [ RunTime:0.0000s ]
SQL: SELECT * FROM `type` WHERE ( id=11 ) LIMIT 1   [ RunTime:0.0000s ]
SQL: SELECT * FROM `type` WHERE ( id=13 ) LIMIT 1   [ RunTime:0.0000s ]
SQL: SELECT * FROM `type` WHERE ( id=7 ) LIMIT 1   [ RunTime:0.0000s ]
SQL: SELECT * FROM `type` WHERE ( id=5 ) LIMIT 1   [ RunTime:0.0010s ]
SQL: SELECT * FROM `type` WHERE ( id=12 ) LIMIT 1   [ RunTime:0.0000s ]
SQL: SELECT * FROM `type` WHERE ( id=13 ) LIMIT 1   [ RunTime:0.0000s ]
SQL: SELECT * FROM `type` WHERE ( id=7 ) LIMIT 1   [ RunTime:0.0000s ]
SQL: SELECT * FROM `type` WHERE ( id=5 ) LIMIT 1   [ RunTime:0.0010s ]
SQL: SELECT * FROM `type` WHERE ( id=13 ) LIMIT 1   [ RunTime:0.0000s ]
SQL: SELECT * FROM `type` WHERE ( id=11 ) LIMIT 1   [ RunTime:0.0000s ]
SQL: SELECT * FROM `type` WHERE ( id=7 ) LIMIT 1   [ RunTime:0.0000s ]
SQL: SELECT * FROM `type` WHERE ( id=5 ) LIMIT 1   [ RunTime:0.0000s ]
SQL: SELECT * FROM `type` WHERE ( id=13 ) LIMIT 1   [ RunTime:0.0010s ]
SQL: SELECT * FROM `type` WHERE ( id=11 ) LIMIT 1   [ RunTime:0.0000s ]
SQL: SELECT * FROM `type` WHERE ( id=7 ) LIMIT 1   [ RunTime:0.0000s ]
SQL: SELECT * FROM `type` WHERE ( id=5 ) LIMIT 1   [ RunTime:0.0000s ]
SQL: SELECT * FROM `type` WHERE ( id=12 ) LIMIT 1   [ RunTime:0.0010s ]
SQL: SELECT * FROM `type` WHERE ( id=13 ) LIMIT 1   [ RunTime:0.0000s ]
SQL: SELECT * FROM `type` WHERE ( id=11 ) LIMIT 1   [ RunTime:0.0000s ]
SQL: SELECT * FROM `type` WHERE ( id=8 ) LIMIT 1   [ RunTime:0.0000s ]
SQL: SELECT * FROM `type` WHERE ( id=8 ) LIMIT 1   [ RunTime:0.0000s ]
SQL: SELECT * FROM `type` WHERE ( id=8 ) LIMIT 1   [ RunTime:0.0010s ]
INFO: [ view_parse ] --START--
INFO: [ template_filter ] --START--
INFO: Run Behavior\ContentReplaceBehavior [ RunTime:0.000000s ]
INFO: [ template_filter ] --END-- [ RunTime:0.000000s ]
INFO: Run Behavior\ParseTemplateBehavior [ RunTime:0.008000s ]
INFO: [ view_parse ] --END-- [ RunTime:0.008000s ]
INFO: [ view_filter ] --START--
INFO: Run Behavior\WriteHtmlCacheBehavior [ RunTime:0.000000s ]
INFO: [ view_filter ] --END-- [ RunTime:0.000000s ]
INFO: [ app_end ] --START--
INFO: Run Behavior\ShowPageTraceBehavior [ RunTime:0.000000s ]
INFO: [ app_end ] --END-- [ RunTime:0.000000s ]

[ 2019-07-05T09:37:17+08:00 ] 127.0.0.1 /newadmin/index.php/Index/index
INFO: [ app_init ] --START--
INFO: Run Behavior\BuildLiteBehavior [ RunTime:0.000000s ]
INFO: [ app_init ] --END-- [ RunTime:0.000000s ]
INFO: [ app_begin ] --START--
INFO: Run Behavior\ReadHtmlCacheBehavior [ RunTime:0.001000s ]
INFO: [ app_begin ] --END-- [ RunTime:0.001000s ]
SQL: SHOW COLUMNS FROM `admin` [ RunTime:0.0040s ]
SQL: SELECT * FROM `admin` WHERE `id` = 4 LIMIT 1   [ RunTime:0.0000s ]
SQL: SHOW COLUMNS FROM `userinfo` [ RunTime:0.0030s ]
SQL: SELECT COUNT(*) AS tp_count FROM `userinfo` WHERE `type` = 2 LIMIT 1   [ RunTime:0.0000s ]
SQL: SELECT * FROM `userinfo` WHERE `type` = 2 ORDER BY id desc LIMIT 0,25   [ RunTime:0.0010s ]
INFO: [ view_parse ] --START--
INFO: [ template_filter ] --START--
INFO: Run Behavior\ContentReplaceBehavior [ RunTime:0.000000s ]
INFO: [ template_filter ] --END-- [ RunTime:0.000000s ]
NOTIC: [8] Undefined variable: aid E:\mala\public\newadmin\Application\Runtime\Cache\Admin\b595b808c2ebeeeb0478ffc30bb4e87a.php 第 138 行.
NOTIC: [8] Undefined variable: page E:\mala\public\newadmin\Application\Runtime\Cache\Admin\b595b808c2ebeeeb0478ffc30bb4e87a.php 第 200 行.
INFO: Run Behavior\ParseTemplateBehavior [ RunTime:0.006000s ]
INFO: [ view_parse ] --END-- [ RunTime:0.006000s ]
INFO: [ view_filter ] --START--
INFO: Run Behavior\WriteHtmlCacheBehavior [ RunTime:0.000000s ]
INFO: [ view_filter ] --END-- [ RunTime:0.000000s ]
INFO: [ app_end ] --START--
INFO: Run Behavior\ShowPageTraceBehavior [ RunTime:0.000000s ]
INFO: [ app_end ] --END-- [ RunTime:0.001000s ]

[ 2019-07-05T09:39:55+08:00 ] 127.0.0.1 /newadmin/index.php/Index/admincontent
INFO: [ app_init ] --START--
INFO: Run Behavior\BuildLiteBehavior [ RunTime:0.001000s ]
INFO: [ app_init ] --END-- [ RunTime:0.001000s ]
INFO: [ app_begin ] --START--
INFO: Run Behavior\ReadHtmlCacheBehavior [ RunTime:0.001000s ]
INFO: [ app_begin ] --END-- [ RunTime:0.001000s ]
SQL: SHOW COLUMNS FROM `admin` [ RunTime:0.0020s ]
SQL: SELECT * FROM `admin` WHERE `id` = 4 LIMIT 1   [ RunTime:0.0010s ]
NOTIC: [8] Undefined index: typeid E:\mala\public\newadmin\Application\Admin\Controller\IndexController.class.php 第 192 行.
NOTIC: [8] Undefined variable: typeid E:\mala\public\newadmin\Application\Admin\Controller\IndexController.class.php 第 197 行.
SQL: SHOW COLUMNS FROM `content` [ RunTime:0.0020s ]
SQL: SELECT COUNT(*) AS tp_count FROM `content` WHERE `fabutype` = 2 AND `status` = 1 LIMIT 1   [ RunTime:0.0010s ]
NOTIC: [8] Undefined index: sort E:\mala\public\newadmin\Application\Admin\Controller\IndexController.class.php 第 205 行.
SQL: SELECT * FROM `content` WHERE `fabutype` = 2 AND `status` = 1 ORDER BY id desc LIMIT 0,25   [ RunTime:0.0010s ]
SQL: SHOW COLUMNS FROM `type` [ RunTime:0.0020s ]
SQL: SELECT * FROM `type` WHERE ( status=1 )  [ RunTime:0.0000s ]
SQL: SHOW COLUMNS FROM `userinfo` [ RunTime:0.0030s ]
SQL: SELECT * FROM `userinfo` ORDER BY id desc  [ RunTime:0.0010s ]
SQL: SELECT * FROM `type` WHERE ( id=7 ) LIMIT 1   [ RunTime:0.0000s ]
SQL: SELECT * FROM `type` WHERE ( id=5 ) LIMIT 1   [ RunTime:0.0000s ]
SQL: SELECT * FROM `type` WHERE ( id=12 ) LIMIT 1   [ RunTime:0.0010s ]
SQL: SELECT * FROM `type` WHERE ( id=11 ) LIMIT 1   [ RunTime:0.0000s ]
SQL: SELECT * FROM `type` WHERE ( id=13 ) LIMIT 1   [ RunTime:0.0000s ]
SQL: SELECT * FROM `type` WHERE ( id=7 ) LIMIT 1   [ RunTime:0.0000s ]
SQL: SELECT * FROM `type` WHERE ( id=5 ) LIMIT 1   [ RunTime:0.0000s ]
SQL: SELECT * FROM `type` WHERE ( id=12 ) LIMIT 1   [ RunTime:0.0010s ]
SQL: SELECT * FROM `type` WHERE ( id=13 ) LIMIT 1   [ RunTime:0.0000s ]
SQL: SELECT * FROM `type` WHERE ( id=7 ) LIMIT 1   [ RunTime:0.0000s ]
SQL: SELECT * FROM `type` WHERE ( id=5 ) LIMIT 1   [ RunTime:0.0000s ]
SQL: SELECT * FROM `type` WHERE ( id=13 ) LIMIT 1   [ RunTime:0.0000s ]
SQL: SELECT * FROM `type` WHERE ( id=11 ) LIMIT 1   [ RunTime:0.0000s ]
SQL: SELECT * FROM `type` WHERE ( id=7 ) LIMIT 1   [ RunTime:0.0000s ]
SQL: SELECT * FROM `type` WHERE ( id=5 ) LIMIT 1   [ RunTime:0.0000s ]
SQL: SELECT * FROM `type` WHERE ( id=13 ) LIMIT 1   [ RunTime:0.0000s ]
SQL: SELECT * FROM `type` WHERE ( id=11 ) LIMIT 1   [ RunTime:0.0000s ]
SQL: SELECT * FROM `type` WHERE ( id=7 ) LIMIT 1   [ RunTime:0.0000s ]
SQL: SELECT * FROM `type` WHERE ( id=5 ) LIMIT 1   [ RunTime:0.0010s ]
SQL: SELECT * FROM `type` WHERE ( id=12 ) LIMIT 1   [ RunTime:0.0000s ]
SQL: SELECT * FROM `type` WHERE ( id=13 ) LIMIT 1   [ RunTime:0.0000s ]
SQL: SELECT * FROM `type` WHERE ( id=11 ) LIMIT 1   [ RunTime:0.0000s ]
SQL: SELECT * FROM `type` WHERE ( id=8 ) LIMIT 1   [ RunTime:0.0000s ]
SQL: SELECT * FROM `type` WHERE ( id=8 ) LIMIT 1   [ RunTime:0.0010s ]
SQL: SELECT * FROM `type` WHERE ( id=8 ) LIMIT 1   [ RunTime:0.0000s ]
INFO: [ view_parse ] --START--
INFO: [ template_filter ] --START--
INFO: Run Behavior\ContentReplaceBehavior [ RunTime:0.000000s ]
INFO: [ template_filter ] --END-- [ RunTime:0.000000s ]
INFO: Run Behavior\ParseTemplateBehavior [ RunTime:0.009001s ]
INFO: [ view_parse ] --END-- [ RunTime:0.009001s ]
INFO: [ view_filter ] --START--
INFO: Run Behavior\WriteHtmlCacheBehavior [ RunTime:0.000000s ]
INFO: [ view_filter ] --END-- [ RunTime:0.000000s ]
INFO: [ app_end ] --START--
INFO: Run Behavior\ShowPageTraceBehavior [ RunTime:0.000000s ]
INFO: [ app_end ] --END-- [ RunTime:0.000000s ]

[ 2019-07-05T09:40:07+08:00 ] 127.0.0.1 /newadmin/index.php/Index/adminaudit/id/514/audit/1/typeid/7
INFO: [ app_init ] --START--
INFO: Run Behavior\BuildLiteBehavior [ RunTime:0.000000s ]
INFO: [ app_init ] --END-- [ RunTime:0.000000s ]
INFO: [ app_begin ] --START--
INFO: Run Behavior\ReadHtmlCacheBehavior [ RunTime:0.000000s ]
INFO: [ app_begin ] --END-- [ RunTime:0.000000s ]
SQL: SHOW COLUMNS FROM `admin` [ RunTime:0.0030s ]
SQL: SELECT * FROM `admin` WHERE `id` = 4 LIMIT 1   [ RunTime:0.0000s ]
SQL: SHOW COLUMNS FROM `content` [ RunTime:0.0040s ]
SQL: UPDATE `content` SET `audit`='1' WHERE `id` = 514 [ RunTime:0.0010s ]
INFO: [ view_parse ] --START--
INFO: [ template_filter ] --START--
INFO: Run Behavior\ContentReplaceBehavior [ RunTime:0.000000s ]
INFO: [ template_filter ] --END-- [ RunTime:0.000000s ]
INFO: Run Behavior\ParseTemplateBehavior [ RunTime:0.003000s ]
INFO: [ view_parse ] --END-- [ RunTime:0.003000s ]
INFO: [ view_filter ] --START--
INFO: Run Behavior\WriteHtmlCacheBehavior [ RunTime:0.001000s ]
INFO: [ view_filter ] --END-- [ RunTime:0.001000s ]
INFO: [ app_end ] --START--
INFO: Run Behavior\ShowPageTraceBehavior [ RunTime:0.000000s ]
INFO: [ app_end ] --END-- [ RunTime:0.000000s ]

[ 2019-07-05T09:40:08+08:00 ] 127.0.0.1 /newadmin/index.php/Index/admincontent/typeid/7
INFO: [ app_init ] --START--
INFO: Run Behavior\BuildLiteBehavior [ RunTime:0.000000s ]
INFO: [ app_init ] --END-- [ RunTime:0.000000s ]
INFO: [ app_begin ] --START--
INFO: Run Behavior\ReadHtmlCacheBehavior [ RunTime:0.000000s ]
INFO: [ app_begin ] --END-- [ RunTime:0.000000s ]
SQL: SHOW COLUMNS FROM `admin` [ RunTime:0.0040s ]
SQL: SELECT * FROM `admin` WHERE `id` = 4 LIMIT 1   [ RunTime:0.0000s ]
SQL: SHOW COLUMNS FROM `content` [ RunTime:0.0030s ]
SQL: SELECT COUNT(*) AS tp_count FROM `content` WHERE `fabutype` = 2 AND `status` = 1 AND `typeid` = 7 LIMIT 1   [ RunTime:0.0010s ]
NOTIC: [8] Undefined index: sort E:\mala\public\newadmin\Application\Admin\Controller\IndexController.class.php 第 205 行.
SQL: SELECT * FROM `content` WHERE `fabutype` = 2 AND `status` = 1 AND `typeid` = 7 ORDER BY id desc LIMIT 0,25   [ RunTime:0.0010s ]
SQL: SHOW COLUMNS FROM `type` [ RunTime:0.0020s ]
SQL: SELECT * FROM `type` WHERE ( status=1 )  [ RunTime:0.0010s ]
SQL: SHOW COLUMNS FROM `userinfo` [ RunTime:0.0030s ]
SQL: SELECT * FROM `userinfo` ORDER BY id desc  [ RunTime:0.0010s ]
SQL: SELECT * FROM `type` WHERE ( id=7 ) LIMIT 1   [ RunTime:0.0000s ]
SQL: SELECT * FROM `type` WHERE ( id=7 ) LIMIT 1   [ RunTime:0.0000s ]
SQL: SELECT * FROM `type` WHERE ( id=7 ) LIMIT 1   [ RunTime:0.0000s ]
SQL: SELECT * FROM `type` WHERE ( id=7 ) LIMIT 1   [ RunTime:0.0000s ]
SQL: SELECT * FROM `type` WHERE ( id=7 ) LIMIT 1   [ RunTime:0.0000s ]
SQL: SELECT * FROM `type` WHERE ( id=7 ) LIMIT 1   [ RunTime:0.0000s ]
SQL: SELECT * FROM `type` WHERE ( id=7 ) LIMIT 1   [ RunTime:0.0000s ]
SQL: SELECT * FROM `type` WHERE ( id=7 ) LIMIT 1   [ RunTime:0.0000s ]
SQL: SELECT * FROM `type` WHERE ( id=7 ) LIMIT 1   [ RunTime:0.0000s ]
SQL: SELECT * FROM `type` WHERE ( id=7 ) LIMIT 1   [ RunTime:0.0010s ]
SQL: SELECT * FROM `type` WHERE ( id=7 ) LIMIT 1   [ RunTime:0.0000s ]
SQL: SELECT * FROM `type` WHERE ( id=7 ) LIMIT 1   [ RunTime:0.0000s ]
SQL: SELECT * FROM `type` WHERE ( id=7 ) LIMIT 1   [ RunTime:0.0000s ]
SQL: SELECT * FROM `type` WHERE ( id=7 ) LIMIT 1   [ RunTime:0.0000s ]
SQL: SELECT * FROM `type` WHERE ( id=7 ) LIMIT 1   [ RunTime:0.0010s ]
SQL: SELECT * FROM `type` WHERE ( id=7 ) LIMIT 1   [ RunTime:0.0000s ]
SQL: SELECT * FROM `type` WHERE ( id=7 ) LIMIT 1   [ RunTime:0.0000s ]
SQL: SELECT * FROM `type` WHERE ( id=7 ) LIMIT 1   [ RunTime:0.0000s ]
SQL: SELECT * FROM `type` WHERE ( id=7 ) LIMIT 1   [ RunTime:0.0000s ]
SQL: SELECT * FROM `type` WHERE ( id=7 ) LIMIT 1   [ RunTime:0.0010s ]
SQL: SELECT * FROM `type` WHERE ( id=7 ) LIMIT 1   [ RunTime:0.0000s ]
SQL: SELECT * FROM `type` WHERE ( id=7 ) LIMIT 1   [ RunTime:0.0000s ]
SQL: SELECT * FROM `type` WHERE ( id=7 ) LIMIT 1   [ RunTime:0.0000s ]
SQL: SELECT * FROM `type` WHERE ( id=7 ) LIMIT 1   [ RunTime:0.0000s ]
SQL: SELECT * FROM `type` WHERE ( id=7 ) LIMIT 1   [ RunTime:0.0010s ]
INFO: [ view_parse ] --START--
INFO: [ template_filter ] --START--
INFO: Run Behavior\ContentReplaceBehavior [ RunTime:0.000000s ]
INFO: [ template_filter ] --END-- [ RunTime:0.000000s ]
INFO: Run Behavior\ParseTemplateBehavior [ RunTime:0.008001s ]
INFO: [ view_parse ] --END-- [ RunTime:0.009001s ]
INFO: [ view_filter ] --START--
INFO: Run Behavior\WriteHtmlCacheBehavior [ RunTime:0.000000s ]
INFO: [ view_filter ] --END-- [ RunTime:0.000000s ]
INFO: [ app_end ] --START--
INFO: Run Behavior\ShowPageTraceBehavior [ RunTime:0.001000s ]
INFO: [ app_end ] --END-- [ RunTime:0.001000s ]

[ 2019-07-05T09:40:13+08:00 ] 127.0.0.1 /newadmin/index.php/Index/adminaudit/id/514/audit/2/typeid/7
INFO: [ app_init ] --START--
INFO: Run Behavior\BuildLiteBehavior [ RunTime:0.000000s ]
INFO: [ app_init ] --END-- [ RunTime:0.000000s ]
INFO: [ app_begin ] --START--
INFO: Run Behavior\ReadHtmlCacheBehavior [ RunTime:0.001000s ]
INFO: [ app_begin ] --END-- [ RunTime:0.001000s ]
SQL: SHOW COLUMNS FROM `admin` [ RunTime:0.0040s ]
SQL: SELECT * FROM `admin` WHERE `id` = 4 LIMIT 1   [ RunTime:0.0000s ]
SQL: SHOW COLUMNS FROM `content` [ RunTime:0.0030s ]
SQL: UPDATE `content` SET `audit`='2' WHERE `id` = 514 [ RunTime:0.0010s ]
INFO: [ view_parse ] --START--
INFO: [ template_filter ] --START--
INFO: Run Behavior\ContentReplaceBehavior [ RunTime:0.000000s ]
INFO: [ template_filter ] --END-- [ RunTime:0.000000s ]
INFO: Run Behavior\ParseTemplateBehavior [ RunTime:0.003000s ]
INFO: [ view_parse ] --END-- [ RunTime:0.003000s ]
INFO: [ view_filter ] --START--
INFO: Run Behavior\WriteHtmlCacheBehavior [ RunTime:0.000000s ]
INFO: [ view_filter ] --END-- [ RunTime:0.000000s ]
INFO: [ app_end ] --START--
INFO: Run Behavior\ShowPageTraceBehavior [ RunTime:0.000000s ]
INFO: [ app_end ] --END-- [ RunTime:0.000000s ]

[ 2019-07-05T09:40:14+08:00 ] 127.0.0.1 /newadmin/index.php/Index/admincontent/typeid/7
INFO: [ app_init ] --START--
INFO: Run Behavior\BuildLiteBehavior [ RunTime:0.000000s ]
INFO: [ app_init ] --END-- [ RunTime:0.000000s ]
INFO: [ app_begin ] --START--
INFO: Run Behavior\ReadHtmlCacheBehavior [ RunTime:0.000000s ]
INFO: [ app_begin ] --END-- [ RunTime:0.000000s ]
SQL: SHOW COLUMNS FROM `admin` [ RunTime:0.0030s ]
SQL: SELECT * FROM `admin` WHERE `id` = 4 LIMIT 1   [ RunTime:0.0000s ]
SQL: SHOW COLUMNS FROM `content` [ RunTime:0.0030s ]
SQL: SELECT COUNT(*) AS tp_count FROM `content` WHERE `fabutype` = 2 AND `status` = 1 AND `typeid` = 7 LIMIT 1   [ RunTime:0.0010s ]
NOTIC: [8] Undefined index: sort E:\mala\public\newadmin\Application\Admin\Controller\IndexController.class.php 第 205 行.
SQL: SELECT * FROM `content` WHERE `fabutype` = 2 AND `status` = 1 AND `typeid` = 7 ORDER BY id desc LIMIT 0,25   [ RunTime:0.0010s ]
SQL: SHOW COLUMNS FROM `type` [ RunTime:0.0040s ]
SQL: SELECT * FROM `type` WHERE ( status=1 )  [ RunTime:0.0010s ]
SQL: SHOW COLUMNS FROM `userinfo` [ RunTime:0.0060s ]
SQL: SELECT * FROM `userinfo` ORDER BY id desc  [ RunTime:0.0020s ]
SQL: SELECT * FROM `type` WHERE ( id=7 ) LIMIT 1   [ RunTime:0.0010s ]
SQL: SELECT * FROM `type` WHERE ( id=7 ) LIMIT 1   [ RunTime:0.0000s ]
SQL: SELECT * FROM `type` WHERE ( id=7 ) LIMIT 1   [ RunTime:0.0000s ]
SQL: SELECT * FROM `type` WHERE ( id=7 ) LIMIT 1   [ RunTime:0.0000s ]
SQL: SELECT * FROM `type` WHERE ( id=7 ) LIMIT 1   [ RunTime:0.0000s ]
SQL: SELECT * FROM `type` WHERE ( id=7 ) LIMIT 1   [ RunTime:0.0000s ]
SQL: SELECT * FROM `type` WHERE ( id=7 ) LIMIT 1   [ RunTime:0.0000s ]
SQL: SELECT * FROM `type` WHERE ( id=7 ) LIMIT 1   [ RunTime:0.0000s ]
SQL: SELECT * FROM `type` WHERE ( id=7 ) LIMIT 1   [ RunTime:0.0000s ]
SQL: SELECT * FROM `type` WHERE ( id=7 ) LIMIT 1   [ RunTime:0.0000s ]
SQL: SELECT * FROM `type` WHERE ( id=7 ) LIMIT 1   [ RunTime:0.0000s ]
SQL: SELECT * FROM `type` WHERE ( id=7 ) LIMIT 1   [ RunTime:0.0010s ]
SQL: SELECT * FROM `type` WHERE ( id=7 ) LIMIT 1   [ RunTime:0.0000s ]
SQL: SELECT * FROM `type` WHERE ( id=7 ) LIMIT 1   [ RunTime:0.0000s ]
SQL: SELECT * FROM `type` WHERE ( id=7 ) LIMIT 1   [ RunTime:0.0000s ]
SQL: SELECT * FROM `type` WHERE ( id=7 ) LIMIT 1   [ RunTime:0.0000s ]
SQL: SELECT * FROM `type` WHERE ( id=7 ) LIMIT 1   [ RunTime:0.0000s ]
SQL: SELECT * FROM `type` WHERE ( id=7 ) LIMIT 1   [ RunTime:0.0000s ]
SQL: SELECT * FROM `type` WHERE ( id=7 ) LIMIT 1   [ RunTime:0.0000s ]
SQL: SELECT * FROM `type` WHERE ( id=7 ) LIMIT 1   [ RunTime:0.0000s ]
SQL: SELECT * FROM `type` WHERE ( id=7 ) LIMIT 1   [ RunTime:0.0010s ]
SQL: SELECT * FROM `type` WHERE ( id=7 ) LIMIT 1   [ RunTime:0.0000s ]
SQL: SELECT * FROM `type` WHERE ( id=7 ) LIMIT 1   [ RunTime:0.0010s ]
SQL: SELECT * FROM `type` WHERE ( id=7 ) LIMIT 1   [ RunTime:0.0000s ]
SQL: SELECT * FROM `type` WHERE ( id=7 ) LIMIT 1   [ RunTime:0.0000s ]
INFO: [ view_parse ] --START--
INFO: [ template_filter ] --START--
INFO: Run Behavior\ContentReplaceBehavior [ RunTime:0.000000s ]
INFO: [ template_filter ] --END-- [ RunTime:0.000000s ]
INFO: Run Behavior\ParseTemplateBehavior [ RunTime:0.013001s ]
INFO: [ view_parse ] --END-- [ RunTime:0.013001s ]
INFO: [ view_filter ] --START--
INFO: Run Behavior\WriteHtmlCacheBehavior [ RunTime:0.000000s ]
INFO: [ view_filter ] --END-- [ RunTime:0.000000s ]
INFO: [ app_end ] --START--
INFO: Run Behavior\ShowPageTraceBehavior [ RunTime:0.000000s ]
INFO: [ app_end ] --END-- [ RunTime:0.001000s ]

[ 2019-07-05T09:40:47+08:00 ] 127.0.0.1 /newadmin/index.php/Index/adminrecommended/id/514/recommended/2/typeid/7
INFO: [ app_init ] --START--
INFO: Run Behavior\BuildLiteBehavior [ RunTime:0.000000s ]
INFO: [ app_init ] --END-- [ RunTime:0.000000s ]
INFO: [ app_begin ] --START--
INFO: Run Behavior\ReadHtmlCacheBehavior [ RunTime:0.001000s ]
INFO: [ app_begin ] --END-- [ RunTime:0.001000s ]
SQL: SHOW COLUMNS FROM `admin` [ RunTime:0.0030s ]
SQL: SELECT * FROM `admin` WHERE `id` = 4 LIMIT 1   [ RunTime:0.0000s ]
SQL: SHOW COLUMNS FROM `content` [ RunTime:0.0020s ]
SQL: UPDATE `content` SET `recommended`='2' WHERE `id` = 514 [ RunTime:0.0020s ]
INFO: [ view_parse ] --START--
INFO: [ template_filter ] --START--
INFO: Run Behavior\ContentReplaceBehavior [ RunTime:0.000000s ]
INFO: [ template_filter ] --END-- [ RunTime:0.000000s ]
INFO: Run Behavior\ParseTemplateBehavior [ RunTime:0.004000s ]
INFO: [ view_parse ] --END-- [ RunTime:0.004000s ]
INFO: [ view_filter ] --START--
INFO: Run Behavior\WriteHtmlCacheBehavior [ RunTime:0.000000s ]
INFO: [ view_filter ] --END-- [ RunTime:0.000000s ]
INFO: [ app_end ] --START--
INFO: Run Behavior\ShowPageTraceBehavior [ RunTime:0.001000s ]
INFO: [ app_end ] --END-- [ RunTime:0.001000s ]

[ 2019-07-05T09:40:48+08:00 ] 127.0.0.1 /newadmin/index.php/Index/admincontent
INFO: [ app_init ] --START--
INFO: Run Behavior\BuildLiteBehavior [ RunTime:0.000000s ]
INFO: [ app_init ] --END-- [ RunTime:0.000000s ]
INFO: [ app_begin ] --START--
INFO: Run Behavior\ReadHtmlCacheBehavior [ RunTime:0.000000s ]
INFO: [ app_begin ] --END-- [ RunTime:0.000000s ]
SQL: SHOW COLUMNS FROM `admin` [ RunTime:0.0030s ]
SQL: SELECT * FROM `admin` WHERE `id` = 4 LIMIT 1   [ RunTime:0.0010s ]
NOTIC: [8] Undefined index: typeid E:\mala\public\newadmin\Application\Admin\Controller\IndexController.class.php 第 192 行.
NOTIC: [8] Undefined variable: typeid E:\mala\public\newadmin\Application\Admin\Controller\IndexController.class.php 第 197 行.
SQL: SHOW COLUMNS FROM `content` [ RunTime:0.0030s ]
SQL: SELECT COUNT(*) AS tp_count FROM `content` WHERE `fabutype` = 2 AND `status` = 1 LIMIT 1   [ RunTime:0.0010s ]
NOTIC: [8] Undefined index: sort E:\mala\public\newadmin\Application\Admin\Controller\IndexController.class.php 第 205 行.
SQL: SELECT * FROM `content` WHERE `fabutype` = 2 AND `status` = 1 ORDER BY id desc LIMIT 0,25   [ RunTime:0.0010s ]
SQL: SHOW COLUMNS FROM `type` [ RunTime:0.0030s ]
SQL: SELECT * FROM `type` WHERE ( status=1 )  [ RunTime:0.0010s ]
SQL: SHOW COLUMNS FROM `userinfo` [ RunTime:0.0030s ]
SQL: SELECT * FROM `userinfo` ORDER BY id desc  [ RunTime:0.0010s ]
SQL: SELECT * FROM `type` WHERE ( id=7 ) LIMIT 1   [ RunTime:0.0000s ]
SQL: SELECT * FROM `type` WHERE ( id=5 ) LIMIT 1   [ RunTime:0.0000s ]
SQL: SELECT * FROM `type` WHERE ( id=12 ) LIMIT 1   [ RunTime:0.0000s ]
SQL: SELECT * FROM `type` WHERE ( id=11 ) LIMIT 1   [ RunTime:0.0000s ]
SQL: SELECT * FROM `type` WHERE ( id=13 ) LIMIT 1   [ RunTime:0.0000s ]
SQL: SELECT * FROM `type` WHERE ( id=7 ) LIMIT 1   [ RunTime:0.0010s ]
SQL: SELECT * FROM `type` WHERE ( id=5 ) LIMIT 1   [ RunTime:0.0000s ]
SQL: SELECT * FROM `type` WHERE ( id=12 ) LIMIT 1   [ RunTime:0.0000s ]
SQL: SELECT * FROM `type` WHERE ( id=13 ) LIMIT 1   [ RunTime:0.0000s ]
SQL: SELECT * FROM `type` WHERE ( id=7 ) LIMIT 1   [ RunTime:0.0000s ]
SQL: SELECT * FROM `type` WHERE ( id=5 ) LIMIT 1   [ RunTime:0.0000s ]
SQL: SELECT * FROM `type` WHERE ( id=13 ) LIMIT 1   [ RunTime:0.0000s ]
SQL: SELECT * FROM `type` WHERE ( id=11 ) LIMIT 1   [ RunTime:0.0000s ]
SQL: SELECT * FROM `type` WHERE ( id=7 ) LIMIT 1   [ RunTime:0.0000s ]
SQL: SELECT * FROM `type` WHERE ( id=5 ) LIMIT 1   [ RunTime:0.0000s ]
SQL: SELECT * FROM `type` WHERE ( id=13 ) LIMIT 1   [ RunTime:0.0000s ]
SQL: SELECT * FROM `type` WHERE ( id=11 ) LIMIT 1   [ RunTime:0.0000s ]
SQL: SELECT * FROM `type` WHERE ( id=7 ) LIMIT 1   [ RunTime:0.0000s ]
SQL: SELECT * FROM `type` WHERE ( id=5 ) LIMIT 1   [ RunTime:0.0000s ]
SQL: SELECT * FROM `type` WHERE ( id=12 ) LIMIT 1   [ RunTime:0.0000s ]
SQL: SELECT * FROM `type` WHERE ( id=13 ) LIMIT 1   [ RunTime:0.0000s ]
SQL: SELECT * FROM `type` WHERE ( id=11 ) LIMIT 1   [ RunTime:0.0000s ]
SQL: SELECT * FROM `type` WHERE ( id=8 ) LIMIT 1   [ RunTime:0.0000s ]
SQL: SELECT * FROM `type` WHERE ( id=8 ) LIMIT 1   [ RunTime:0.0000s ]
SQL: SELECT * FROM `type` WHERE ( id=8 ) LIMIT 1   [ RunTime:0.0000s ]
INFO: [ view_parse ] --START--
INFO: [ template_filter ] --START--
INFO: Run Behavior\ContentReplaceBehavior [ RunTime:0.000000s ]
INFO: [ template_filter ] --END-- [ RunTime:0.000000s ]
INFO: Run Behavior\ParseTemplateBehavior [ RunTime:0.008000s ]
INFO: [ view_parse ] --END-- [ RunTime:0.009000s ]
INFO: [ view_filter ] --START--
INFO: Run Behavior\WriteHtmlCacheBehavior [ RunTime:0.001000s ]
INFO: [ view_filter ] --END-- [ RunTime:0.001000s ]
INFO: [ app_end ] --START--
INFO: Run Behavior\ShowPageTraceBehavior [ RunTime:0.001000s ]
INFO: [ app_end ] --END-- [ RunTime:0.001000s ]

