[ 2019-08-21T10:00:13+08:00 ] 127.0.0.1 /newadmin/
INFO: [ app_init ] --START--
INFO: Run Behavior\BuildLiteBehavior [ RunTime:0.000000s ]
INFO: [ app_init ] --END-- [ RunTime:0.001000s ]
INFO: [ app_begin ] --START--
INFO: Run Behavior\ReadHtmlCacheBehavior [ RunTime:0.000000s ]
INFO: [ app_begin ] --END-- [ RunTime:0.000000s ]

[ 2019-08-21T10:00:13+08:00 ] 127.0.0.1 /newadmin/index.php/Login/index
INFO: [ app_init ] --START--
INFO: Run Behavior\BuildLiteBehavior [ RunTime:0.000000s ]
INFO: [ app_init ] --END-- [ RunTime:0.000000s ]
INFO: [ app_begin ] --START--
INFO: Run Behavior\ReadHtmlCacheBehavior [ RunTime:0.000000s ]
INFO: [ app_begin ] --END-- [ RunTime:0.000000s ]
INFO: [ view_parse ] --START--
INFO: [ template_filter ] --START--
INFO: Run Behavior\ContentReplaceBehavior [ RunTime:0.000000s ]
INFO: [ template_filter ] --END-- [ RunTime:0.000000s ]
INFO: Run Behavior\ParseTemplateBehavior [ RunTime:0.007000s ]
INFO: [ view_parse ] --END-- [ RunTime:0.007000s ]
INFO: [ view_filter ] --START--
INFO: Run Behavior\WriteHtmlCacheBehavior [ RunTime:0.001000s ]
INFO: [ view_filter ] --END-- [ RunTime:0.001000s ]
INFO: [ app_end ] --START--
INFO: Run Behavior\ShowPageTraceBehavior [ RunTime:0.000000s ]
INFO: [ app_end ] --END-- [ RunTime:0.000000s ]

[ 2019-08-21T10:00:13+08:00 ] 127.0.0.1 /newadmin/index.php/views/blocks/navbar.brand.html
INFO: [ app_init ] --START--
INFO: Run Behavior\BuildLiteBehavior [ RunTime:0.000000s ]
INFO: [ app_init ] --END-- [ RunTime:0.000000s ]
INFO: [ app_begin ] --START--
INFO: Run Behavior\ReadHtmlCacheBehavior [ RunTime:0.001000s ]
INFO: [ app_begin ] --END-- [ RunTime:0.001000s ]
ERR: 无法加载控制器:Views

[ 2019-08-21T10:00:16+08:00 ] 127.0.0.1 /newadmin/index.php/Login/index
INFO: [ app_init ] --START--
INFO: Run Behavior\BuildLiteBehavior [ RunTime:0.000000s ]
INFO: [ app_init ] --END-- [ RunTime:0.001000s ]
INFO: [ app_begin ] --START--
INFO: Run Behavior\ReadHtmlCacheBehavior [ RunTime:0.000000s ]
INFO: [ app_begin ] --END-- [ RunTime:0.000000s ]
SQL: SHOW COLUMNS FROM `admin` [ RunTime:0.0050s ]
SQL: SELECT * FROM `admin` WHERE ( username = 'zhenghan' ) LIMIT 1   [ RunTime:0.0010s ]

[ 2019-08-21T10:00:16+08:00 ] 127.0.0.1 /newadmin/index.php/Index/admincontent
INFO: [ app_init ] --START--
INFO: Run Behavior\BuildLiteBehavior [ RunTime:0.000000s ]
INFO: [ app_init ] --END-- [ RunTime:0.000000s ]
INFO: [ app_begin ] --START--
INFO: Run Behavior\ReadHtmlCacheBehavior [ RunTime:0.000000s ]
INFO: [ app_begin ] --END-- [ RunTime:0.000000s ]
SQL: SHOW COLUMNS FROM `admin` [ RunTime:0.0030s ]
SQL: SELECT * FROM `admin` WHERE `id` = 4 LIMIT 1   [ RunTime:0.0000s ]
NOTIC: [8] Undefined index: typeid E:\mala\public\newadmin\Application\Admin\Controller\IndexController.class.php 第 330 行.
NOTIC: [8] Undefined variable: typeid E:\mala\public\newadmin\Application\Admin\Controller\IndexController.class.php 第 335 行.
SQL: SHOW COLUMNS FROM `content` [ RunTime:0.0080s ]
SQL: SELECT COUNT(*) AS tp_count FROM `content` WHERE `fabutype` = 2 AND `status` = 1 LIMIT 1   [ RunTime:0.0010s ]
NOTIC: [8] Undefined index: sort E:\mala\public\newadmin\Application\Admin\Controller\IndexController.class.php 第 343 行.
SQL: SELECT * FROM `content` WHERE `fabutype` = 2 AND `status` = 1 ORDER BY id desc LIMIT 0,25   [ RunTime:0.0000s ]
SQL: SHOW COLUMNS FROM `type` [ RunTime:0.0040s ]
SQL: SELECT * FROM `type` WHERE ( status=1 )  [ RunTime:0.0000s ]
SQL: SHOW COLUMNS FROM `userinfo` [ RunTime:0.0070s ]
SQL: SELECT * FROM `userinfo` ORDER BY id desc  [ RunTime:0.0020s ]
SQL: SELECT * FROM `type` WHERE ( id=7 ) LIMIT 1   [ RunTime:0.0000s ]
SQL: SELECT * FROM `type` WHERE ( id=5 ) LIMIT 1   [ RunTime:0.0000s ]
SQL: SELECT * FROM `type` WHERE ( id=12 ) LIMIT 1   [ RunTime:0.0000s ]
SQL: SELECT * FROM `type` WHERE ( id=11 ) LIMIT 1   [ RunTime:0.0000s ]
SQL: SELECT * FROM `type` WHERE ( id=13 ) LIMIT 1   [ RunTime:0.0000s ]
SQL: SELECT * FROM `type` WHERE ( id=7 ) LIMIT 1   [ RunTime:0.0010s ]
SQL: SELECT * FROM `type` WHERE ( id=5 ) LIMIT 1   [ RunTime:0.0000s ]
SQL: SELECT * FROM `type` WHERE ( id=12 ) LIMIT 1   [ RunTime:0.0000s ]
SQL: SELECT * FROM `type` WHERE ( id=13 ) LIMIT 1   [ RunTime:0.0000s ]
SQL: SELECT * FROM `type` WHERE ( id=7 ) LIMIT 1   [ RunTime:0.0010s ]
SQL: SELECT * FROM `type` WHERE ( id=5 ) LIMIT 1   [ RunTime:0.0000s ]
SQL: SELECT * FROM `type` WHERE ( id=13 ) LIMIT 1   [ RunTime:0.0000s ]
SQL: SELECT * FROM `type` WHERE ( id=11 ) LIMIT 1   [ RunTime:0.0000s ]
SQL: SELECT * FROM `type` WHERE ( id=7 ) LIMIT 1   [ RunTime:0.0000s ]
SQL: SELECT * FROM `type` WHERE ( id=5 ) LIMIT 1   [ RunTime:0.0010s ]
SQL: SELECT * FROM `type` WHERE ( id=13 ) LIMIT 1   [ RunTime:0.0000s ]
SQL: SELECT * FROM `type` WHERE ( id=11 ) LIMIT 1   [ RunTime:0.0000s ]
SQL: SELECT * FROM `type` WHERE ( id=7 ) LIMIT 1   [ RunTime:0.0000s ]
SQL: SELECT * FROM `type` WHERE ( id=5 ) LIMIT 1   [ RunTime:0.0000s ]
SQL: SELECT * FROM `type` WHERE ( id=12 ) LIMIT 1   [ RunTime:0.0010s ]
SQL: SELECT * FROM `type` WHERE ( id=13 ) LIMIT 1   [ RunTime:0.0000s ]
SQL: SELECT * FROM `type` WHERE ( id=11 ) LIMIT 1   [ RunTime:0.0000s ]
SQL: SELECT * FROM `type` WHERE ( id=8 ) LIMIT 1   [ RunTime:0.0000s ]
SQL: SELECT * FROM `type` WHERE ( id=8 ) LIMIT 1   [ RunTime:0.0000s ]
SQL: SELECT * FROM `type` WHERE ( id=8 ) LIMIT 1   [ RunTime:0.0000s ]
INFO: [ view_parse ] --START--
INFO: [ template_filter ] --START--
INFO: Run Behavior\ContentReplaceBehavior [ RunTime:0.000000s ]
INFO: [ template_filter ] --END-- [ RunTime:0.000000s ]
INFO: Run Behavior\ParseTemplateBehavior [ RunTime:0.010001s ]
INFO: [ view_parse ] --END-- [ RunTime:0.010001s ]
INFO: [ view_filter ] --START--
INFO: Run Behavior\WriteHtmlCacheBehavior [ RunTime:0.001000s ]
INFO: [ view_filter ] --END-- [ RunTime:0.001000s ]
INFO: [ app_end ] --START--
INFO: Run Behavior\ShowPageTraceBehavior [ RunTime:0.000000s ]
INFO: [ app_end ] --END-- [ RunTime:0.000000s ]

